0 info it worked if it ends with ok
1 verbose cli [ '/usr/local/bin/node', '/usr/local/bin/npm', 'start' ]
2 info using npm@4.1.2
3 info using node@v7.5.0
4 verbose run-script [ 'prestart', 'start', 'poststart' ]
5 info lifecycle open-scores-app@0.1.0~prestart: open-scores-app@0.1.0
6 silly lifecycle open-scores-app@0.1.0~prestart: no script for prestart, continuing
7 info lifecycle open-scores-app@0.1.0~start: open-scores-app@0.1.0
8 verbose lifecycle open-scores-app@0.1.0~start: unsafe-perm in lifecycle true
9 verbose lifecycle open-scores-app@0.1.0~start: PATH: /usr/local/lib/node_modules/npm/bin/node-gyp-bin:/Users/cartermagee/TIY repositories/openscores/open-scores-app/node_modules/.bin:/Users/cartermagee/.rvm/gems/ruby-2.4.0/bin:/Users/cartermagee/.rvm/gems/ruby-2.4.0@global/bin:/Users/cartermagee/.rvm/rubies/ruby-2.4.0/bin:/usr/local/bin:/usr/bin:/bin:/usr/sbin:/sbin:/Users/cartermagee/.rvm/bin
10 verbose lifecycle open-scores-app@0.1.0~start: CWD: /Users/cartermagee/TIY repositories/openscores/open-scores-app
11 silly lifecycle open-scores-app@0.1.0~start: Args: [ '-c', 'npm-run-all -p watch-css start-js' ]
12 info lifecycle open-scores-app@0.1.0~start: Failed to exec start script
13 verbose stack Error: open-scores-app@0.1.0 start: `npm-run-all -p watch-css start-js`
13 verbose stack spawn ENOENT
13 verbose stack     at ChildProcess.<anonymous> (/usr/local/lib/node_modules/npm/lib/utils/spawn.js:33:16)
13 verbose stack     at emitTwo (events.js:106:13)
13 verbose stack     at ChildProcess.emit (events.js:192:7)
13 verbose stack     at maybeClose (internal/child_process.js:890:16)
13 verbose stack     at Process.ChildProcess._handle.onexit (internal/child_process.js:226:5)
14 verbose pkgid open-scores-app@0.1.0
15 verbose cwd /Users/cartermagee/TIY repositories/openscores/open-scores-app
16 error Darwin 14.4.0
17 error argv "/usr/local/bin/node" "/usr/local/bin/npm" "start"
18 error node v7.5.0
19 error npm  v4.1.2
20 error file sh
21 error code ELIFECYCLE
22 error errno ENOENT
23 error syscall spawn
24 error open-scores-app@0.1.0 start: `npm-run-all -p watch-css start-js`
24 error spawn ENOENT
25 error Failed at the open-scores-app@0.1.0 start script 'npm-run-all -p watch-css start-js'.
25 error Make sure you have the latest version of node.js and npm installed.
25 error If you do, this is most likely a problem with the open-scores-app package,
25 error not with npm itself.
25 error Tell the author that this fails on your system:
25 error     npm-run-all -p watch-css start-js
25 error You can get information on how to open an issue for this project with:
25 error     npm bugs open-scores-app
25 error Or if that isn't available, you can get their info via:
25 error     npm owner ls open-scores-app
25 error There is likely additional logging output above.
26 verbose exit [ 1, true ]
